<?xml version="1.0" encoding="UTF-8"?>
<!-- Generated by org.testng.reporters.JUnitReportReporter -->
<testsuite skipped="0" hostname="HJL06690" name="com.test.automation.uiAutomation.homePage.TC001_VerifySuccessfulLogin" tests="1" failures="0" timestamp="14 Jul 2017 04:43:01 GMT" time="6.128" errors="0">
  <testcase name="VerifySuccessfulLogin" time="6.128" classname="com.test.automation.uiAutomation.homePage.TC001_VerifySuccessfulLogin"/>
</testsuite> <!-- com.test.automation.uiAutomation.homePage.TC001_VerifySuccessfulLogin -->
